<?xml version="1.0" encoding="UTF-8" ?>
<testsuite tests="15" failures="0" name="CucumberTests.RunCucumberTests" time="81.456" errors="0" skipped="0">
  <properties>
[...]
</properties>
  <testcase classname="Scenario: Fender QA Challenge basic scenario." name="Given Navigate to Fender electric guitars" time="0.001"/>
  <testcase classname="Scenario: Fender QA Challenge basic scenario." name="When Select a electric guitar which has stock" time="0"/>
  <testcase classname="Scenario: Fender QA Challenge basic scenario." name="Then Add the guitar to the shopping cart" time="0"/>
  <testcase classname="Scenario: Fender QA Challenge basic scenario." name="And Add the guitar to the shopping cart" time="0"/>
  <testcase classname="Scenario: Fender QA Challenge basic scenario." name="When Navigate to the cart info" time="0"/>
  <testcase classname="Scenario: Fender QA Challenge basic scenario." name="And Go to secure checkout" time="0"/>
  <testcase classname="Scenario: Fender QA Challenge basic scenario." name="When Checkout as a guest" time="0"/>
  <testcase classname="Scenario: Fender QA Challenge basic scenario." name="And Introduce a valid address" time="0"/>
  <testcase classname="Scenario: Fender QA Challenge basic scenario." name="And Continue to billing step" time="0"/>
  <testcase classname="Scenario: Fender QA Challenge basic scenario." name="Then We should be into checkout bill step" time="0"/>
  <testcase classname="Scenario: Fender QA Challenge basic scenario." name="Scenario: Fender QA Challenge basic scenario." time="0.001"/>
  <testcase classname="Scenario: If the guitar has not stock the button for notify user is displayed." name="Given Navigate to Fender electric guitars" time="0"/>
  <testcase classname="Scenario: If the guitar has not stock the button for notify user is displayed." name="When Select an electric guitar which has not stock" time="0"/>
  <testcase classname="Scenario: If the guitar has not stock the button for notify user is displayed." name="Then Is notify user link visible" time="0"/>
  <testcase classname="Scenario: If the guitar has not stock the button for notify user is displayed." name="Scenario: If the guitar has not stock the button for notify user is displayed." time="0"/>
</testsuite>